Generating private key 
3.000000, 8.000000, 0.000000, -1.000000, -0.000000, 
4.000000, -1.000000, 6.000000, 1.000000, -0.000000, 
10.000000, -2.000000, -4.000000, 1.000000, -0.000000, 
8.000000, -2.000000, 2.000000, -2.000000, 0.000000, 
4.000000, 3.000000, -0.000000, 1.000000, 0.000000, 

Generating public key 
-1.000000, -34.000000, 602.000000, 85.000000, 240.000000, 
20.000000, 844.000000, 2890.000000, 1095.000000, 3494.000000, 
6.000000, 229.000000, -1341.000000, -376.000000, -464.000000, 
4.000000, 168.000000, 506.000000, 252.000000, 474.000000, 
8.000000, 332.000000, 644.000000, 213.000000, 1064.000000, 


Message to encode: 
Hell

Matrix of encoded message: 
72.000000, 
101.000000, 
108.000000, 
108.000000, 
0.000000, 


Encrypted matrix of m:
70690.000000, 
517064.000000, 
-161875.000000, 
99120.000000, 
126664.000000, 

ViWm:
nan, 
nan, 
nan, 
nan, 
-inf, 

Wm:
nan, 
nan, 
nan, 
nan, 
nan, 

Decrypted matrix of encrypted matrix: 
nan, 
nan, 
nan, 
nan, 
nan, 

Message from decoded matrix: 

