entered mainDone generating keys
Done encoding msgs
Done encrypting msgs
ViWm:
20139.000000, 
38492.000000, 
78596.000000, 
96042.000000, 
44000.000000, 

Wm:
133477.000000, 
328484.000000, 
265914.000000, 
467741.000000, 
-304928.000000, 

ViWm:
53.000000, 
53.000000, 
-0.000000, 
53.000000, 
53.000000, 

Wm:
318.000000, 
265.000000, 
106.000000, 
424.000000, 
265.000000, 

Done decrypting msgs
Done decoding msgs
Generating private key 
7.000000, -2.000000, -1.000000, 2.000000, -1.000000, 
2.000000, 5.000000, 3.000000, -1.000000, -1.000000, 
4.000000, -2.000000, 4.000000, -1.000000, 1.000000, 
1.000000, 3.000000, 0.000000, 3.000000, 1.000000, 
4.000000, 2.000000, -4.000000, -2.000000, 1.000000, 

Generating public key 
6.000000, 17.000000, 472.000000, 744.000000, 474.000000, 
5.000000, 28.000000, 1659.000000, 1353.000000, 413.000000, 
2.000000, 18.000000, 1291.000000, 1153.000000, 502.000000, 
8.000000, 37.000000, 1953.000000, 2338.000000, 1353.000000, 
5.000000, -4.000000, -1294.000000, -1529.000000, -208.000000, 


========================
Message to encode: Hell

Message to encode: 5

========================
m1:
72.000000, 
101.000000, 
108.000000, 
108.000000, 
0.000000, 

m2:
53.000000, 
0.000000, 
0.000000, 
0.000000, 
0.000000, 

========================
e1:
133477.000000, 
328484.000000, 
265914.000000, 
467741.000000, 
-304928.000000, 

e2:
318.000000, 
265.000000, 
106.000000, 
424.000000, 
265.000000, 

========================
d1:
72.000000, 
101.000000, 
108.000000, 
108.000000, 
-0.000000, 

d2:
53.000000, 
0.000000, 
0.000000, 
-0.000000, 
-0.000000, 

========================
Message from decoded matrix:
Hell
Message from decoded matrix:
5
