V: ratio -- 0.999747 || det -- 409853475.000000
71.000000, -22.000000, 6.000000, -28.000000, -1.000000,
32.000000, 44.000000, 18.000000, -1.000000, 8.000000,
35.000000, -26.000000, 63.000000, 29.000000, -0.000000,
3.000000, 49.000000, 49.000000, -4.000000, -7.000000,
49.000000, 20.000000, -69.000000, 21.000000, -3.000000,

W: ratio -- 0.000125 || det -- 0.279059
52.000000, 4346.000000, -125.000000, 967.000000, 2232.000000,
88.000000, 7448.000000, 6947.000000, 8642.000000, 6710.000000,
95.000000, 7956.000000, 1048.000000, 4762.000000, 7203.000000,
21.000000, 1732.000000, -1876.000000, -4088.000000, -4707.000000,
131.000000, 11070.000000, 9016.000000, 11992.000000, 11007.000000,

Matrix-encoded message:
72.000000, 111.000000, 108.000000,
101.000000, 32.000000, 100.000000,
108.000000, 87.000000, 0.000000,
108.000000, 111.000000, 0.000000,
111.000000, 114.000000, 0.000000,

Encrypted matrix:
781378.000000, 495754.000000, 440216.000000,
3187006.000000, 2576695.000000, 754304.000000,
2237409.000000, 1706037.000000, 805860.000000,
-990145.000000, -1095823.000000, 175468.000000,
4618143.000000, 3739083.000000, 1121148.000000,

Decrypted matrix: (should match matrix-encoded message)
24812582622251500.000000, -11936122966454124.000000, -20220948151464640.000000,
-296753901496257.000000, 142753824257693.000000, 241838802000561.000000,
3938049415424.000000, -1894403447744.000000, -3209302887060.000000,
-75441559573.000000, 36291253901.000000, 61480898220.000000,
1508831305.000000, -725824962.000000, -1229617965.000000,

Decoded message:

Target message:
Helloo World
