Done generating keys
Done encoding msgs
Done encrypting msgs
Done decrypting msgs
Done decoding msgs
Generated private key 
10.000000, -1.000000, 0.000000, 2.000000, -2.000000, 
5.000000, 2.000000, 1.000000, 1.000000, 1.000000, 
8.000000, 4.000000, -0.000000, -2.000000, -0.000000, 
7.000000, -2.000000, 0.000000, -4.000000, -0.000000, 
10.000000, -2.000000, -0.000000, 1.000000, 1.000000, 

Generated public key 
1.000000, 90.000000, 180.000000, 195.000000, -510.000000, 
16.000000, 1400.000000, 1274.000000, 1685.000000, 2021.000000, 
20.000000, 1738.000000, 1098.000000, 1180.000000, 1366.000000, 
1.000000, 73.000000, -515.000000, -904.000000, -579.000000, 
7.000000, 611.000000, 496.000000, 641.000000, 1096.000000, 


========================
Message encoded as matrix:
72.000000, 32.000000, 32.000000, 100.000000, 
101.000000, 85.000000, 87.000000, 0.000000, 
108.000000, 103.000000, 111.000000, 0.000000, 
108.000000, 108.000000, 114.000000, 0.000000, 
111.000000, 121.000000, 108.000000, 0.000000, 

========================
Message encrypted:
-6948.000000, -14428.000000, -5008.000000, 100.000000, 
686455.000000, 677255.000000, 674084.000000, 1600.000000, 
574628.000000, 554190.000000, 555772.000000, 2000.000000, 
-210076.000000, -214499.000000, -216370.000000, 100.000000, 
306667.000000, 305091.000000, 299879.000000, 700.000000, 

========================
Message decrypted:
72.000000, 32.000000, 32.000000, 100.000000, 
101.000000, 85.000000, 87.000000, -0.000000, 
108.000000, 103.000000, 111.000000, -0.000000, 
108.000000, 108.000000, 114.000000, -0.000000, 
111.000000, 121.000000, 108.000000, -0.000000, 

========================
Message to encrypt:
Hello Ugly World

Decryption result:
Hello Ugly World0Fn
